\BOOKMARK [1][-]{section.1}{Introduction}{}% 1
\BOOKMARK [2][-]{subsection.1.1}{Assumptions}{section.1}% 2
\BOOKMARK [2][-]{subsection.1.2}{Note; Project 1 - The Stellar Core}{section.1}% 3
\BOOKMARK [1][-]{section.2}{The Governing Equations}{}% 4
\BOOKMARK [2][-]{subsection.2.1}{The System of Differential Equations from Project 1}{section.2}% 5
\BOOKMARK [2][-]{subsection.2.2}{Extending the Stellar Core Model}{section.2}% 6
\BOOKMARK [3][-]{subsubsection.2.2.1}{Radiative and Convective Flux}{subsection.2.2}% 7
\BOOKMARK [3][-]{subsubsection.2.2.2}{Finding The Temperature Gradient}{subsection.2.2}% 8
\BOOKMARK [3][-]{subsubsection.2.2.3}{The New Temperature Gradient}{subsection.2.2}% 9
\BOOKMARK [2][-]{subsection.2.3}{Given Initial Parameters}{section.2}% 10
\BOOKMARK [2][-]{subsection.2.4}{Goals for the Project}{section.2}% 11
\BOOKMARK [1][-]{section.3}{Method Description}{}% 12
\BOOKMARK [2][-]{subsection.3.1}{Solving the Equations}{section.3}% 13
\BOOKMARK [3][-]{subsubsection.3.1.1}{Benchmark the Code}{subsection.3.1}% 14
\BOOKMARK [2][-]{subsection.3.2}{Experimenting with Initial Parameters}{section.3}% 15
\BOOKMARK [3][-]{subsubsection.3.2.1}{Wide outer Convection Zone}{subsection.3.2}% 16
\BOOKMARK [2][-]{subsection.3.3}{Finding Physical Stars}{section.3}% 17
\BOOKMARK [1][-]{section.4}{Conclusion and Final Result}{}% 18
\BOOKMARK [2][-]{subsection.4.1}{Problems and Difficulties}{section.4}% 19
\BOOKMARK [2][-]{subsection.4.2}{Comments, Final Thoughts and Future Perspectives}{section.4}% 20
