\BOOKMARK [1][-]{section.1}{Introduction}{}% 1
\BOOKMARK [2][-]{subsection.1.1}{Assumptions}{section.1}% 2
\BOOKMARK [2][-]{subsection.1.2}{Note; Project 0 - Energy Production}{section.1}% 3
\BOOKMARK [1][-]{section.2}{The Governing Equations}{}% 4
\BOOKMARK [2][-]{subsection.2.1}{Given Initial Parameters}{section.2}% 5
\BOOKMARK [2][-]{subsection.2.2}{Goals for the Project, Physical Solutions}{section.2}% 6
\BOOKMARK [2][-]{subsection.2.3}{Equation of State, Calculating Pressure and Density}{section.2}% 7
\BOOKMARK [2][-]{subsection.2.4}{Mean Molecular Weight}{section.2}% 8
\BOOKMARK [1][-]{section.3}{Method Description}{}% 9
\BOOKMARK [2][-]{subsection.3.1}{Solving the equations}{section.3}% 10
\BOOKMARK [3][-]{subsubsection.3.1.1}{Forward Euler scheme}{subsection.3.1}% 11
\BOOKMARK [3][-]{subsubsection.3.1.2}{Variable Step Length}{subsection.3.1}% 12
\BOOKMARK [3][-]{subsubsection.3.1.3}{The ODE solver algorithm}{subsection.3.1}% 13
\BOOKMARK [3][-]{subsubsection.3.1.4}{Benchmark the Code}{subsection.3.1}% 14
\BOOKMARK [2][-]{subsection.3.2}{Experimenting with Different Initial Parameters}{section.3}% 15
\BOOKMARK [3][-]{subsubsection.3.2.1}{Parameters to Vary}{subsection.3.2}% 16
\BOOKMARK [3][-]{subsubsection.3.2.2}{Different initial radii}{subsection.3.2}% 17
\BOOKMARK [3][-]{subsubsection.3.2.3}{Different initial temperature}{subsection.3.2}% 18
\BOOKMARK [3][-]{subsubsection.3.2.4}{Different initial densities}{subsection.3.2}% 19
\BOOKMARK [2][-]{subsection.3.3}{Finding Physical Stars}{section.3}% 20
\BOOKMARK [1][-]{section.4}{Conclusion and Final Result}{}% 21
\BOOKMARK [2][-]{subsection.4.1}{Final Note on Stable Stars}{section.4}% 22
\BOOKMARK [2][-]{subsection.4.2}{Problems and Difficulties}{section.4}% 23
